INFO  2018-05-13 17:19:11,926   350ms Program                ?                  - Application - Main is invoked
INFO  2018-05-13 19:49:05,493   119ms Program                ?                  - Application - Main is invoked
INFO  2018-05-13 20:39:37,645   134ms Program                ?                  - Application - Main is invoked
INFO  2018-05-13 20:39:58,019   409ms Program                ?                  - Application - Main is invoked
INFO  2018-05-13 20:42:04,806   118ms Program                ?                  - Application - Main is invoked
INFO  2018-05-13 20:42:14,177   313ms Program                ?                  - Application - Main is invoked
ERROR 2018-05-13 20:43:19,246 65382ms AccountController      ?                  - System.NullReferenceException: Object reference not set to an instance of an object.
   at Presentation.Controllers.AccountController.Login(String userName, String password) in D:\Git Projects\test\Customers\Presentation\Controllers\AccountController.cs:line 71
ERROR 2018-05-13 20:44:52,192 158328ms CustomersController    ?                  - System.NullReferenceException: Object reference not set to an instance of an object.
   at Presentation.Controllers.CustomersController.GetAll() in D:\Git Projects\test\Customers\Presentation\Controllers\CustomersController.cs:line 39
INFO  2018-05-13 20:48:24,901   385ms Program                ?                  - Application - Main is invoked
ERROR 2018-05-13 20:48:56,496 31980ms CustomersController    ?                  - System.NullReferenceException: Object reference not set to an instance of an object.
   at Presentation.Controllers.CustomersController.GetAll() in D:\Git Projects\test\Customers\Presentation\Controllers\CustomersController.cs:line 39
INFO  2018-05-13 20:52:50,285   342ms Program                ?                  - Application - Main is invoked
INFO  2018-05-13 21:16:34,802   532ms Program                ?                  - Application - Main is invoked
INFO  2018-05-13 21:19:20,971   121ms Program                ?                  - Application - Main is invoked
INFO  2018-05-13 21:37:10,191   129ms Program                ?                  - Application - Main is invoked
INFO  2018-05-13 22:05:11,197   130ms Program                ?                  - Application - Main is invoked
INFO  2018-05-13 22:05:26,352   366ms Program                ?                  - Application - Main is invoked
INFO  2018-05-13 22:24:05,053   667ms Program                ?                  - Application - Main is invoked
INFO  2018-05-13 22:25:36,423   183ms Program                ?                  - Application - Main is invoked
